2015-07-01 13:43:20,343 ERROR [Worker-1] - System.err - [org.eclipse.debug.core] error can't determine modifiers of missing type org.eclipse.pde.internal.ui.wizards.imports.PluginImportHelper
when weaving type org.eclipse.debug.core.model.IDebugModelProvider
when weaving classes 
when weaving 
 [Xlint:cantFindType]
2015-07-01 14:01:53,166 ERROR [main] - System.err - [org.eclipse.jdt.launching] error can't determine modifiers of missing type org.eclipse.pde.internal.ui.wizards.imports.PluginImportHelper
when weaving type org.eclipse.jdt.launching.JavaRuntime
when weaving classes 
when weaving 
 [Xlint:cantFindType]
2015-07-01 14:21:35,983 ERROR [main] - System.err - [org.eclipse.jdt.launching] error can't determine modifiers of missing type org.eclipse.pde.internal.ui.wizards.imports.PluginImportHelper
when weaving type org.eclipse.jdt.launching.JavaRuntime
when weaving classes 
when weaving 
 [Xlint:cantFindType]
2015-07-01 14:21:36,065 ERROR [main] - System.err - [org.eclipse.debug.core] error can't determine modifiers of missing type org.eclipse.pde.internal.ui.wizards.imports.PluginImportHelper
when weaving type org.eclipse.debug.core.ILaunchesListener
when weaving classes 
when weaving 
 [Xlint:cantFindType]
2015-07-01 14:22:41,434 ERROR [Worker-4] - System.err - [org.eclipse.jdt.debug.ui] error can't determine modifiers of missing type org.eclipse.pde.internal.ui.wizards.imports.PluginImportHelper
when weaving type org.eclipse.jdt.debug.ui.launchConfigurations.JavaAppletLaunchShortcut
when weaving classes 
when weaving 
 [Xlint:cantFindType]
